2024-10-22 21:53:17,940 - INFO - CUDA is not available or not requested. Using CPU
2024-10-22 21:53:17,940 - INFO - Loading dataset...
2024-10-22 22:22:32,646 - INFO - CUDA is not available or not requested. Using CPU
2024-10-22 22:22:32,646 - INFO - Loading dataset...
2024-10-22 22:29:39,107 - INFO - CUDA is not available or not requested. Using CPU
2024-10-22 22:29:39,107 - INFO - Loading dataset...
2024-10-22 22:41:39,897 - INFO - CUDA is not available or not requested. Using CPU
2024-10-22 22:41:39,897 - INFO - Loading dataset...
2024-10-22 22:43:33,674 - INFO - CUDA is not available or not requested. Using CPU
2024-10-22 22:43:33,674 - INFO - Loading dataset...
2024-10-22 22:47:54,779 - INFO - CUDA is not available or not requested. Using CPU
2024-10-22 22:47:54,779 - INFO - Loading dataset...
2024-10-22 22:52:10,161 - INFO - Dataset loaded.
2024-10-22 22:52:10,163 - INFO - Initializing model...
2024-10-22 22:52:12,980 - INFO - Model initialized.
2024-10-22 22:52:12,984 - INFO - Optimizer initialized.
2024-10-22 23:00:51,817 - INFO - CUDA is not available or not requested. Using CPU
2024-10-22 23:00:51,818 - INFO - Loading dataset...
2024-10-22 23:05:07,354 - INFO - Dataset loaded.
2024-10-22 23:05:07,364 - INFO - Initializing model...
2024-10-22 23:05:10,171 - INFO - Model initialized.
2024-10-22 23:05:10,176 - INFO - Optimizer initialized.
2024-10-22 23:05:10,177 - INFO - Loss function defined.
2024-10-22 23:08:39,709 - INFO - CUDA is not available or not requested. Using CPU
2024-10-22 23:08:39,709 - INFO - Loading dataset...
2024-10-22 23:12:55,407 - INFO - Dataset loaded.
2024-10-22 23:12:55,408 - INFO - Initializing model...
2024-10-22 23:12:58,189 - INFO - Model initialized.
2024-10-22 23:12:58,190 - INFO - Optimizer initialized.
2024-10-22 23:12:58,190 - INFO - Loss function defined.
2024-10-24 20:47:07,895 - INFO - CUDA is not available or not requested. Using CPU
2024-10-24 20:47:07,895 - INFO - Loading dataset...
2024-10-24 20:51:38,322 - INFO - Dataset loaded.
2024-10-24 20:51:38,324 - INFO - Initializing model...
2024-10-24 20:51:41,252 - INFO - Model initialized.
2024-10-24 20:51:41,257 - INFO - Optimizer initialized.
2024-10-24 20:51:41,257 - INFO - Loss function defined.
2024-10-24 20:57:24,062 - INFO - CUDA is not available or not requested. Using CPU
2024-10-24 20:57:24,062 - INFO - Loading dataset...
2024-10-24 21:02:43,336 - INFO - Dataset loaded.
2024-10-24 21:02:43,339 - INFO - Initializing model...
2024-10-24 21:02:49,382 - INFO - Model initialized.
2024-10-24 21:02:49,391 - INFO - Optimizer initialized.
2024-10-24 21:02:49,392 - INFO - Loss function defined.
2024-10-24 21:02:49,396 - INFO - Starting training...
